#
# There is insufficient memory for the Java Runtime Environment to continue.
# Native memory allocation (malloc) failed to allocate 1346896 bytes for Chunk::new
# Possible reasons:
#   The system is out of physical RAM or swap space
#   The process is running with CompressedOops enabled, and the Java Heap may be blocking the growth of the native heap
# Possible solutions:
#   Reduce memory load on the system
#   Increase physical memory or swap space
#   Check if swap backing store is full
#   Decrease Java heap size (-Xmx/-Xms)
#   Decrease number of Java threads
#   Decrease Java thread stack sizes (-Xss)
#   Set larger code cache with -XX:ReservedCodeCacheSize=
#   JVM is running with Unscaled Compressed Oops mode in which the Java heap is
#     placed in the first 4GB address space. The Java Heap base address is the
#     maximum limit for the native heap growth. Please use -XX:HeapBaseMinAddress
#     to set the Java Heap base and to place the Java Heap above 4GB virtual address.
# This output file may be truncated or incomplete.
#
#  Out of Memory Error (allocation.cpp:389), pid=3536, tid=0x0000000000004168
#
# JRE version: OpenJDK Runtime Environment (8.0_242-b01) (build 1.8.0_242-release-1644-b01)
# Java VM: OpenJDK 64-Bit Server VM (25.242-b01 mixed mode windows-amd64 compressed oops)
# Failed to write core dump. Minidumps are not enabled by default on client versions of Windows
#

---------------  T H R E A D  ---------------

Current thread (0x000000001a002800):  JavaThread "C2 CompilerThread1" daemon [_thread_in_native, id=16744, stack(0x000000001a910000,0x000000001aa10000)]

Stack: [0x000000001a910000,0x000000001aa10000]
[error occurred during error reporting (printing stack bounds), id 0xc0000005]

Native frames: (J=compiled Java code, j=interpreted, Vv=VM code, C=native code)


Current CompileTask:
C2:  30343 10088       4       org.gradle.api.internal.artifacts.ivyservice.resolveengine.artifact.ArtifactBackedResolvedVariant$SingleArtifactSet::startVisit (62 bytes)


---------------  P R O C E S S  ---------------

Java Threads: ( => current thread )
  0x000000002079d000 JavaThread "Cache worker for Java compile cache (C:\Users\sgcks\EscapeEatingAlone_server\.gradle\6.5\javaCompile)" [_thread_blocked, id=15232, stack(0x000000002f970000,0x000000002fa70000)]
  0x000000002079f000 JavaThread "Cache worker for Java compile cache (C:\Users\sgcks\.gradle\caches\6.5\javaCompile)" [_thread_in_Java, id=15692, stack(0x00000000011c0000,0x00000000012c0000)]
  0x0000000020799000 JavaThread "RMI TCP Connection(2)-127.0.0.1" daemon [_thread_in_native, id=15160, stack(0x000000002f870000,0x000000002f970000)]
  0x000000002079b800 JavaThread "RMI RenewClean-[127.0.0.1:17531,org.jetbrains.kotlin.daemon.common.LoopbackNetworkInterface$ClientLoopbackSocketFactory@630fd900]" daemon [_thread_blocked, id=10168, stack(0x000000002f770000,0x000000002f870000)]
  0x0000000020798800 JavaThread "RMI TCP Connection(3)-127.0.0.1" daemon [_thread_in_native, id=16640, stack(0x000000002f470000,0x000000002f570000)]
  0x000000002079c000 JavaThread "RMI Reaper" [_thread_blocked, id=8836, stack(0x000000002f370000,0x000000002f470000)]
  0x000000002079e800 JavaThread "RMI TCP Accept-0" daemon [_thread_in_native, id=3200, stack(0x000000002f270000,0x000000002f370000)]
  0x000000002079d800 JavaThread "GC Daemon" daemon [_thread_blocked, id=16140, stack(0x000000002f170000,0x000000002f270000)]
  0x000000002079a000 JavaThread "RMI RenewClean-[127.0.0.1:17531,org.jetbrains.kotlin.daemon.common.LoopbackNetworkInterface$ClientLoopbackSocketFactory@417dd1eb]" daemon [_thread_blocked, id=10044, stack(0x000000002f070000,0x000000002f170000)]
  0x0000000020792800 JavaThread "RMI Scheduler(0)" daemon [_thread_blocked, id=14708, stack(0x000000002ef70000,0x000000002f070000)]
  0x0000000020796000 JavaThread "Cache worker for execution history cache (C:\Users\sgcks\EscapeEatingAlone_server\.gradle\6.5\executionHistory)" [_thread_blocked, id=15264, stack(0x000000002e670000,0x000000002e770000)]
  0x0000000020793000 JavaThread "Execution worker for ':' Thread 7" [_thread_blocked, id=10348, stack(0x000000002e570000,0x000000002e670000)]
  0x0000000020795800 JavaThread "Execution worker for ':' Thread 6" [_thread_blocked, id=16768, stack(0x000000002e470000,0x000000002e570000)]
  0x0000000020794800 JavaThread "Execution worker for ':' Thread 5" [_thread_blocked, id=17312, stack(0x000000002e370000,0x000000002e470000)]
  0x0000000020797000 JavaThread "Execution worker for ':' Thread 4" [_thread_blocked, id=9792, stack(0x000000002e270000,0x000000002e370000)]
  0x0000000020790000 JavaThread "Execution worker for ':' Thread 3" [_thread_blocked, id=14548, stack(0x000000002e170000,0x000000002e270000)]
  0x000000001bcd2800 JavaThread "Execution worker for ':' Thread 2" [_thread_blocked, id=16540, stack(0x000000002e070000,0x000000002e170000)]
  0x000000001bcd8800 JavaThread "Execution worker for ':'" [_thread_blocked, id=2980, stack(0x000000002dcf0000,0x000000002ddf0000)]
  0x000000001bcd7000 JavaThread "Cache worker for file content cache (C:\Users\sgcks\EscapeEatingAlone_server\.gradle\6.5\fileContent)" [_thread_blocked, id=7508, stack(0x000000002c240000,0x000000002c340000)]
  0x000000001bcd3000 JavaThread "Memory manager" [_thread_blocked, id=9672, stack(0x000000002d530000,0x000000002d630000)]
  0x000000001bcd4800 JavaThread "Cache worker for Build Output Cleanup Cache (C:\Users\sgcks\EscapeEatingAlone_server\.gradle\buildOutputCleanup)" [_thread_blocked, id=14160, stack(0x000000002b540000,0x000000002b640000)]
  0x000000001bcd1000 JavaThread "jar transforms Thread 115" [_thread_blocked, id=5744, stack(0x000000002b240000,0x000000002b340000)]
  0x000000001bcd6000 JavaThread "jar transforms Thread 114" [_thread_blocked, id=9424, stack(0x000000002b140000,0x000000002b240000)]
  0x000000001bcc9800 JavaThread "jar transforms Thread 113" [_thread_blocked, id=16016, stack(0x000000002b040000,0x000000002b140000)]
  0x000000001bcce800 JavaThread "jar transforms Thread 112" [_thread_blocked, id=15316, stack(0x000000002af40000,0x000000002b040000)]
  0x000000001bcce000 JavaThread "jar transforms Thread 111" [_thread_blocked, id=7856, stack(0x000000002ae40000,0x000000002af40000)]
  0x000000001bccd000 JavaThread "jar transforms Thread 110" [_thread_blocked, id=3208, stack(0x000000002ad40000,0x000000002ae40000)]
  0x000000001bccc800 JavaThread "jar transforms Thread 109" [_thread_blocked, id=14448, stack(0x000000002ac40000,0x000000002ad40000)]
  0x000000001bcd0000 JavaThread "jar transforms Thread 108" [_thread_blocked, id=14040, stack(0x000000002aa40000,0x000000002ab40000)]
  0x000000001bccb800 JavaThread "jar transforms Thread 107" [_thread_blocked, id=11616, stack(0x000000002a940000,0x000000002aa40000)]
  0x000000001bccb000 JavaThread "jar transforms Thread 106" [_thread_blocked, id=13088, stack(0x000000002a840000,0x000000002a940000)]
  0x000000001bcca000 JavaThread "jar transforms Thread 105" [_thread_blocked, id=12000, stack(0x000000002a740000,0x000000002a840000)]
  0x000000001b4d9000 JavaThread "jar transforms Thread 104" [_thread_blocked, id=16584, stack(0x000000002a640000,0x000000002a740000)]
  0x000000001b4da000 JavaThread "jar transforms Thread 103" [_thread_blocked, id=7824, stack(0x000000002a540000,0x000000002a640000)]
  0x000000001b4d8000 JavaThread "jar transforms Thread 102" [_thread_blocked, id=14196, stack(0x000000002a440000,0x000000002a540000)]
  0x000000001b4da800 JavaThread "jar transforms Thread 101" [_thread_blocked, id=11280, stack(0x000000002a340000,0x000000002a440000)]
  0x000000001b4d7800 JavaThread "jar transforms Thread 100" [_thread_blocked, id=17340, stack(0x000000002a240000,0x000000002a340000)]
  0x000000001b4db800 JavaThread "jar transforms Thread 99" [_thread_blocked, id=2224, stack(0x000000002a140000,0x000000002a240000)]
  0x000000001b4d0000 JavaThread "jar transforms Thread 98" [_thread_blocked, id=15176, stack(0x000000002a040000,0x000000002a140000)]
  0x000000001b4d6000 JavaThread "jar transforms Thread 97" [_thread_blocked, id=2864, stack(0x0000000029f40000,0x000000002a040000)]
  0x000000001b4d6800 JavaThread "jar transforms Thread 96" [_thread_blocked, id=13472, stack(0x0000000029e40000,0x0000000029f40000)]
  0x000000001b4ce800 JavaThread "jar transforms Thread 95" [_thread_blocked, id=15472, stack(0x0000000029d40000,0x0000000029e40000)]
  0x000000001b4d5000 JavaThread "jar transforms Thread 94" [_thread_blocked, id=16740, stack(0x0000000029c40000,0x0000000029d40000)]
  0x000000001b4d4800 JavaThread "jar transforms Thread 93" [_thread_blocked, id=13616, stack(0x0000000029b40000,0x0000000029c40000)]
  0x000000001b4cd800 JavaThread "jar transforms Thread 92" [_thread_blocked, id=14632, stack(0x0000000029a40000,0x0000000029b40000)]
  0x000000001b4cd000 JavaThread "jar transforms Thread 91" [_thread_blocked, id=13456, stack(0x0000000029940000,0x0000000029a40000)]
  0x000000001b4d3800 JavaThread "jar transforms Thread 90" [_thread_blocked, id=12684, stack(0x0000000029840000,0x0000000029940000)]
  0x000000001b4cc000 JavaThread "jar transforms Thread 89" [_thread_blocked, id=3900, stack(0x0000000029740000,0x0000000029840000)]
  0x000000001b4cf000 JavaThread "jar transforms Thread 88" [_thread_blocked, id=9996, stack(0x0000000029640000,0x0000000029740000)]
  0x000000001b4d3000 JavaThread "jar transforms Thread 87" [_thread_blocked, id=16080, stack(0x0000000029540000,0x0000000029640000)]
  0x000000001b4d2000 JavaThread "jar transforms Thread 86" [_thread_blocked, id=15844, stack(0x0000000029440000,0x0000000029540000)]
  0x000000001b4d1800 JavaThread "jar transforms Thread 85" [_thread_blocked, id=9504, stack(0x0000000029340000,0x0000000029440000)]
  0x000000001b4d0800 JavaThread "jar transforms Thread 84" [_thread_blocked, id=6428, stack(0x0000000029240000,0x0000000029340000)]
  0x000000001d46c000 JavaThread "jar transforms Thread 83" [_thread_blocked, id=4632, stack(0x0000000029140000,0x0000000029240000)]
  0x000000001d46a800 JavaThread "jar transforms Thread 82" [_thread_blocked, id=3600, stack(0x0000000029040000,0x0000000029140000)]
  0x000000001d46b800 JavaThread "jar transforms Thread 81" [_thread_blocked, id=10016, stack(0x0000000028f40000,0x0000000029040000)]
  0x000000001d463000 JavaThread "jar transforms Thread 80" [_thread_blocked, id=16068, stack(0x0000000028e40000,0x0000000028f40000)]
  0x000000001d46a000 JavaThread "jar transforms Thread 79" [_thread_blocked, id=16864, stack(0x0000000028d40000,0x0000000028e40000)]
  0x000000001d469000 JavaThread "jar transforms Thread 78" [_thread_blocked, id=3480, stack(0x0000000028c40000,0x0000000028d40000)]
  0x000000001d467000 JavaThread "jar transforms Thread 77" [_thread_blocked, id=10732, stack(0x0000000028b40000,0x0000000028c40000)]
  0x000000001d468800 JavaThread "jar transforms Thread 76" [_thread_blocked, id=16368, stack(0x0000000028a40000,0x0000000028b40000)]
  0x000000001d467800 JavaThread "jar transforms Thread 75" [_thread_blocked, id=16716, stack(0x0000000028940000,0x0000000028a40000)]
  0x000000001d466000 JavaThread "jar transforms Thread 74" [_thread_blocked, id=10088, stack(0x0000000028840000,0x0000000028940000)]
  0x000000001d465800 JavaThread "jar transforms Thread 73" [_thread_blocked, id=6712, stack(0x0000000028740000,0x0000000028840000)]
  0x000000001d45e800 JavaThread "jar transforms Thread 72" [_thread_blocked, id=17040, stack(0x0000000028640000,0x0000000028740000)]
  0x000000001d45f800 JavaThread "jar transforms Thread 71" [_thread_blocked, id=13688, stack(0x0000000028540000,0x0000000028640000)]
  0x000000001d462800 JavaThread "jar transforms Thread 70" [_thread_blocked, id=10340, stack(0x0000000028440000,0x0000000028540000)]
  0x000000001d45e000 JavaThread "jar transforms Thread 69" [_thread_blocked, id=10540, stack(0x0000000028340000,0x0000000028440000)]
  0x000000001d464800 JavaThread "jar transforms Thread 68" [_thread_blocked, id=17292, stack(0x0000000028240000,0x0000000028340000)]
  0x000000001d45d000 JavaThread "jar transforms Thread 67" [_thread_blocked, id=16060, stack(0x0000000028140000,0x0000000028240000)]
  0x000000001d464000 JavaThread "jar transforms Thread 66" [_thread_blocked, id=10308, stack(0x0000000028040000,0x0000000028140000)]
  0x000000001d461800 JavaThread "jar transforms Thread 65" [_thread_blocked, id=16428, stack(0x0000000027f40000,0x0000000028040000)]
  0x000000001d460000 JavaThread "jar transforms Thread 64" [_thread_blocked, id=12056, stack(0x0000000027e40000,0x0000000027f40000)]
  0x000000001d461000 JavaThread "jar transforms Thread 63" [_thread_blocked, id=14012, stack(0x0000000027d40000,0x0000000027e40000)]
  0x000000001cf76800 JavaThread "jar transforms Thread 62" [_thread_blocked, id=16116, stack(0x0000000027c40000,0x0000000027d40000)]
  0x000000001cf79800 JavaThread "jar transforms Thread 61" [_thread_blocked, id=15136, stack(0x0000000027b40000,0x0000000027c40000)]
  0x000000001cf78800 JavaThread "jar transforms Thread 60" [_thread_blocked, id=14192, stack(0x0000000027a40000,0x0000000027b40000)]
  0x000000001cf75800 JavaThread "jar transforms Thread 59" [_thread_blocked, id=13276, stack(0x0000000027940000,0x0000000027a40000)]
  0x000000001cf78000 JavaThread "jar transforms Thread 58" [_thread_blocked, id=14388, stack(0x0000000027840000,0x0000000027940000)]
  0x000000001cf75000 JavaThread "jar transforms Thread 57" [_thread_blocked, id=16912, stack(0x0000000027740000,0x0000000027840000)]
  0x000000001cf74000 JavaThread "jar transforms Thread 56" [_thread_blocked, id=3164, stack(0x0000000027640000,0x0000000027740000)]
  0x000000001cf77000 JavaThread "jar transforms Thread 55" [_thread_blocked, id=2460, stack(0x0000000027540000,0x0000000027640000)]
  0x000000001cf7a000 JavaThread "jar transforms Thread 54" [_thread_blocked, id=11332, stack(0x0000000027440000,0x0000000027540000)]
  0x000000001cf6c800 JavaThread "jar transforms Thread 53" [_thread_blocked, id=17020, stack(0x0000000027340000,0x0000000027440000)]
  0x000000001cf70800 JavaThread "jar transforms Thread 52" [_thread_blocked, id=3188, stack(0x0000000027240000,0x0000000027340000)]
  0x000000001cf73800 JavaThread "jar transforms Thread 51" [_thread_blocked, id=13996, stack(0x0000000027140000,0x0000000027240000)]
  0x000000001cf6c000 JavaThread "jar transforms Thread 50" [_thread_blocked, id=15740, stack(0x0000000027040000,0x0000000027140000)]
  0x000000001cf6e000 JavaThread "jar transforms Thread 49" [_thread_blocked, id=10024, stack(0x0000000026f40000,0x0000000027040000)]
  0x000000001cf72800 JavaThread "jar transforms Thread 48" [_thread_blocked, id=17024, stack(0x0000000026e40000,0x0000000026f40000)]
  0x000000001cf6f800 JavaThread "jar transforms Thread 47" [_thread_blocked, id=15888, stack(0x0000000026d40000,0x0000000026e40000)]
  0x000000001cf6d800 JavaThread "jar transforms Thread 46" [_thread_blocked, id=11772, stack(0x0000000026c40000,0x0000000026d40000)]
  0x000000001cf71000 JavaThread "jar transforms Thread 45" [_thread_blocked, id=13692, stack(0x0000000026b40000,0x0000000026c40000)]
  0x000000001cf72000 JavaThread "jar transforms Thread 44" [_thread_blocked, id=13496, stack(0x0000000026a40000,0x0000000026b40000)]
  0x000000001cf6b000 JavaThread "jar transforms Thread 43" [_thread_blocked, id=17324, stack(0x0000000026940000,0x0000000026a40000)]
  0x000000001cf6f000 JavaThread "jar transforms Thread 42" [_thread_blocked, id=4084, stack(0x0000000026840000,0x0000000026940000)]
  0x000000001d12e800 JavaThread "jar transforms Thread 41" [_thread_blocked, id=16840, stack(0x0000000026740000,0x0000000026840000)]
  0x000000001d12d800 JavaThread "jar transforms Thread 40" [_thread_blocked, id=13936, stack(0x0000000026640000,0x0000000026740000)]
  0x000000001d12d000 JavaThread "jar transforms Thread 39" [_thread_blocked, id=7364, stack(0x0000000026540000,0x0000000026640000)]
  0x000000001d12c000 JavaThread "jar transforms Thread 38" [_thread_blocked, id=15512, stack(0x0000000026440000,0x0000000026540000)]
  0x000000001d12b800 JavaThread "jar transforms Thread 37" [_thread_blocked, id=16476, stack(0x0000000026340000,0x0000000026440000)]
  0x000000001d124000 JavaThread "jar transforms Thread 36" [_thread_blocked, id=16124, stack(0x0000000026240000,0x0000000026340000)]
  0x000000001d12a000 JavaThread "jar transforms Thread 35" [_thread_blocked, id=11132, stack(0x0000000026140000,0x0000000026240000)]
  0x000000001d129000 JavaThread "jar transforms Thread 34" [_thread_blocked, id=16536, stack(0x0000000026040000,0x0000000026140000)]
  0x000000001d127800 JavaThread "jar transforms Thread 33" [_thread_blocked, id=15528, stack(0x0000000025f40000,0x0000000026040000)]
  0x000000001d12a800 JavaThread "jar transforms Thread 32" [_thread_blocked, id=17048, stack(0x0000000025e40000,0x0000000025f40000)]
  0x000000001d124800 JavaThread "jar transforms Thread 31" [_thread_blocked, id=12064, stack(0x0000000025d40000,0x0000000025e40000)]
  0x000000001d128800 JavaThread "jar transforms Thread 30" [_thread_blocked, id=2888, stack(0x0000000025c40000,0x0000000025d40000)]
  0x000000001d120000 JavaThread "jar transforms Thread 29" [_thread_blocked, id=11256, stack(0x0000000025b40000,0x0000000025c40000)]
  0x000000001d127000 JavaThread "jar transforms Thread 28" [_thread_blocked, id=764, stack(0x0000000025a40000,0x0000000025b40000)]
  0x000000001d125800 JavaThread "jar transforms Thread 27" [_thread_blocked, id=5028, stack(0x0000000025940000,0x0000000025a40000)]
  0x000000001d123000 JavaThread "jar transforms Thread 26" [_thread_blocked, id=14296, stack(0x0000000025840000,0x0000000025940000)]
  0x000000001d11f800 JavaThread "jar transforms Thread 25" [_thread_blocked, id=11880, stack(0x0000000025740000,0x0000000025840000)]
  0x000000001d121800 JavaThread "jar transforms Thread 24" [_thread_blocked, id=6392, stack(0x0000000025640000,0x0000000025740000)]
  0x000000001d126000 JavaThread "jar transforms Thread 23" [_thread_blocked, id=15516, stack(0x0000000025540000,0x0000000025640000)]
  0x000000001d121000 JavaThread "jar transforms Thread 22" [_thread_blocked, id=13424, stack(0x0000000025440000,0x0000000025540000)]
  0x000000001d122800 JavaThread "jar transforms Thread 21" [_thread_blocked, id=7724, stack(0x0000000025340000,0x0000000025440000)]
  0x0000000020538800 JavaThread "jar transforms Thread 20" [_thread_blocked, id=1988, stack(0x0000000025240000,0x0000000025340000)]
  0x0000000020537000 JavaThread "jar transforms Thread 19" [_thread_blocked, id=8644, stack(0x0000000025140000,0x0000000025240000)]
  0x0000000020536000 JavaThread "jar transforms Thread 18" [_thread_blocked, id=17080, stack(0x0000000025040000,0x0000000025140000)]
  0x0000000020535800 JavaThread "jar transforms Thread 17" [_thread_blocked, id=7996, stack(0x0000000024f40000,0x0000000025040000)]
  0x000000002053a800 JavaThread "jar transforms Thread 16" [_thread_blocked, id=7240, stack(0x0000000024e40000,0x0000000024f40000)]
  0x000000002053b800 JavaThread "jar transforms Thread 15" [_thread_blocked, id=13896, stack(0x0000000024d40000,0x0000000024e40000)]
  0x0000000020537800 JavaThread "jar transforms Thread 14" [_thread_blocked, id=16132, stack(0x0000000024c40000,0x0000000024d40000)]
  0x000000002053c000 JavaThread "jar transforms Thread 13" [_thread_blocked, id=15808, stack(0x0000000024b40000,0x0000000024c40000)]
  0x000000002053a000 JavaThread "jar transforms Thread 12" [_thread_blocked, id=16596, stack(0x0000000024a40000,0x0000000024b40000)]
  0x0000000020539000 JavaThread "jar transforms Thread 11" [_thread_blocked, id=920, stack(0x0000000024940000,0x0000000024a40000)]
  0x000000001b6a7000 JavaThread "jar transforms Thread 10" [_thread_blocked, id=4340, stack(0x0000000024840000,0x0000000024940000)]
  0x000000001b6ac000 JavaThread "jar transforms Thread 9" [_thread_blocked, id=10664, stack(0x0000000024740000,0x0000000024840000)]
  0x000000001b6a4800 JavaThread "jar transforms Thread 8" [_thread_blocked, id=10716, stack(0x0000000024640000,0x0000000024740000)]
  0x000000001b6aa800 JavaThread "jar transforms Thread 7" [_thread_blocked, id=8448, stack(0x0000000024540000,0x0000000024640000)]
  0x000000001b6ab800 JavaThread "jar transforms Thread 6" [_thread_blocked, id=16748, stack(0x0000000024440000,0x0000000024540000)]
  0x000000001b6aa000 JavaThread "jar transforms Thread 5" [_thread_blocked, id=7848, stack(0x0000000024340000,0x0000000024440000)]
  0x000000001b6a9000 JavaThread "jar transforms Thread 4" [_thread_blocked, id=6380, stack(0x0000000024240000,0x0000000024340000)]
  0x000000001b6a5800 JavaThread "jar transforms Thread 3" [_thread_blocked, id=14380, stack(0x0000000024140000,0x0000000024240000)]
  0x000000001b6a8800 JavaThread "jar transforms Thread 2" [_thread_blocked, id=15544, stack(0x0000000024040000,0x0000000024140000)]
  0x000000001b6a7800 JavaThread "Build operations Thread 8" [_thread_blocked, id=14088, stack(0x0000000023c40000,0x0000000023d40000)]
  0x000000001b6a6000 JavaThread "Build operations Thread 7" [_thread_blocked, id=17196, stack(0x0000000023b40000,0x0000000023c40000)]
  0x000000001b69d000 JavaThread "Build operations Thread 6" [_thread_blocked, id=17188, stack(0x0000000023a40000,0x0000000023b40000)]
  0x000000001b6a4000 JavaThread "Build operations Thread 5" [_thread_blocked, id=16028, stack(0x0000000023940000,0x0000000023a40000)]
  0x000000001b69e800 JavaThread "Build operations Thread 4" [_thread_blocked, id=6912, stack(0x0000000023840000,0x0000000023940000)]
  0x000000001b6a3000 JavaThread "Build operations Thread 3" [_thread_blocked, id=13908, stack(0x0000000023740000,0x0000000023840000)]
  0x000000001b6a2800 JavaThread "Build operations Thread 2" [_thread_blocked, id=16292, stack(0x0000000023640000,0x0000000023740000)]
  0x000000001b6a1800 JavaThread "Build operations" [_thread_blocked, id=6944, stack(0x0000000023540000,0x0000000023640000)]
  0x000000001cbb2800 JavaThread "Cache worker for file content cache (C:\Users\sgcks\.gradle\caches\6.5\fileContent)" [_thread_blocked, id=1680, stack(0x0000000022e40000,0x0000000022f40000)]
  0x000000001cbb1800 JavaThread "jar transforms" [_thread_blocked, id=15780, stack(0x0000000022d40000,0x0000000022e40000)]
  0x000000001cbb1000 JavaThread "Cache worker for execution history cache (C:\Users\sgcks\.gradle\caches\6.5\executionHistory)" [_thread_blocked, id=14424, stack(0x00000000223a0000,0x00000000224a0000)]
  0x000000001cbac800 JavaThread "Cache worker for cache directory md-rule (C:\Users\sgcks\.gradle\caches\6.5\md-rule)" [_thread_blocked, id=8236, stack(0x00000000222a0000,0x00000000223a0000)]
  0x000000001cbb0000 JavaThread "Cache worker for cache directory md-supplier (C:\Users\sgcks\.gradle\caches\6.5\md-supplier)" [_thread_blocked, id=12312, stack(0x0000000021050000,0x0000000021150000)]
  0x000000001cbaf800 JavaThread "Cache worker for checksums cache (C:\Users\sgcks\EscapeEatingAlone_server\.gradle\checksums)" [_thread_blocked, id=10488, stack(0x0000000020f50000,0x0000000021050000)]
  0x000000001cbae800 JavaThread "Cache worker for file hash cache (C:\Users\sgcks\EscapeEatingAlone_server\.gradle\6.5\fileHashes)" [_thread_blocked, id=5720, stack(0x00000000221a0000,0x00000000222a0000)]
  0x000000001cbae000 JavaThread "Cache worker for file hash cache (C:\Users\sgcks\.gradle\caches\6.5\fileHashes)" [_thread_blocked, id=17036, stack(0x000000001eab0000,0x000000001ebb0000)]
  0x000000001cbad000 JavaThread "File lock request listener" [_thread_in_native, id=17380, stack(0x000000001e9b0000,0x000000001eab0000)]
  0x000000001cd62000 JavaThread "Cache worker for journal cache (C:\Users\sgcks\.gradle\caches\journal-1)" [_thread_blocked, id=14676, stack(0x000000001e8b0000,0x000000001e9b0000)]
  0x000000001cac5800 JavaThread "Thread-9" [_thread_blocked, id=14640, stack(0x000000001e5b0000,0x000000001e6b0000)]
  0x000000001caac800 JavaThread "Stdin handler" [_thread_blocked, id=11008, stack(0x000000001e4b0000,0x000000001e5b0000)]
  0x000000001caab800 JavaThread "Asynchronous log dispatcher for DefaultDaemonConnection: socket connection from /127.0.0.1:55830 to /127.0.0.1:55831" [_thread_blocked, id=3224, stack(0x000000001e3b0000,0x000000001e4b0000)]
  0x000000001ca97000 JavaThread "Daemon worker" [_thread_blocked, id=5928, stack(0x000000001e2b0000,0x000000001e3b0000)]
  0x000000001cade800 JavaThread "Cancel handler" [_thread_blocked, id=12932, stack(0x000000001e1b0000,0x000000001e2b0000)]
  0x000000001ca6b000 JavaThread "Handler for socket connection from /127.0.0.1:55830 to /127.0.0.1:55831" [_thread_in_native, id=2084, stack(0x000000001e0b0000,0x000000001e1b0000)]
  0x000000001ca35000 JavaThread "Daemon" [_thread_blocked, id=12904, stack(0x000000001dfb0000,0x000000001e0b0000)]
  0x000000001ca34000 JavaThread "Daemon periodic checks" [_thread_blocked, id=16688, stack(0x000000001dcb0000,0x000000001ddb0000)]
  0x000000001ca33000 JavaThread "Incoming local TCP Connector on port 55830" [_thread_in_native, id=3948, stack(0x000000001dad0000,0x000000001dbd0000)]
  0x000000001aefe800 JavaThread "Daemon health stats" [_thread_blocked, id=17204, stack(0x000000001d7b0000,0x000000001d8b0000)]
  0x000000001a093800 JavaThread "Service Thread" daemon [_thread_blocked, id=2664, stack(0x000000001ac10000,0x000000001ad10000)]
  0x000000001a008000 JavaThread "C1 CompilerThread3" daemon [_thread_blocked, id=16488, stack(0x000000001ab10000,0x000000001ac10000)]
  0x000000001a004000 JavaThread "C2 CompilerThread2" daemon [_thread_in_native, id=2660, stack(0x000000001aa10000,0x000000001ab10000)]
=>0x000000001a002800 JavaThread "C2 CompilerThread1" daemon [_thread_in_native, id=16744, stack(0x000000001a910000,0x000000001aa10000)]
  0x0000000019ffa800 JavaThread "C2 CompilerThread0" daemon [_thread_in_native, id=7504, stack(0x000000001a810000,0x000000001a910000)]
  0x0000000019fa7000 JavaThread "Attach Listener" daemon [_thread_blocked, id=2312, stack(0x000000001a710000,0x000000001a810000)]
  0x0000000019fa6800 JavaThread "Signal Dispatcher" daemon [_thread_blocked, id=16576, stack(0x000000001a610000,0x000000001a710000)]
  0x0000000019f91000 JavaThread "Finalizer" daemon [_thread_blocked, id=2244, stack(0x000000001a470000,0x000000001a570000)]
  0x0000000019f90800 JavaThread "Reference Handler" daemon [_thread_blocked, id=17008, stack(0x000000001a370000,0x000000001a470000)]
  0x0000000000f3e000 JavaThread "main" [_thread_blocked, id=17028, stack(0x0000000002ee0000,0x0000000002fe0000)]

Other Threads:
  0x0000000018198000 VMThread [stack: 0x0000000019e70000,0x0000000019f70000] [id=6372]
  0x000000001a094000 WatcherThread [stack: 0x000000001ad10000,0x000000001ae10000] [id=15100]

VM state:not at safepoint (normal execution)

VM Mutex/Monitor currently owned by a thread: None

heap address: 0x0000000080000000, size: 2048 MB, Compressed Oops mode: 32-bit
Narrow klass base: 0x0000000000000000, Narrow klass shift: 3
Compressed class space size: 1073741824 Address: 0x0000000100000000

Heap:
 PSYoungGen      total 594432K, used 232004K [0x00000000d5580000, 0x00000000fe480000, 0x0000000100000000)
  eden space 567808K, 36% used [0x00000000d5580000,0x00000000e1e12b78,0x00000000f8000000)
  from space 26624K, 99% used [0x00000000fca80000,0x00000000fe47e7e8,0x00000000fe480000)
  to   space 33792K, 0% used [0x00000000fa280000,0x00000000fa280000,0x00000000fc380000)
 ParOldGen       total 112128K, used 48884K [0x0000000080000000, 0x0000000086d80000, 0x00000000d5580000)
  object space 112128K, 43% used [0x0000000080000000,0x0000000082fbd358,0x0000000086d80000)
 Metaspace       used 75455K, capacity 79488K, committed 79704K, reserved 1118208K
  class space    used 10346K, capacity 11092K, committed 11136K, reserved 1048576K

Card table byte_map: [0x00000000124c0000,0x00000000128d0000] byte_map_base: 0x00000000120c0000

Marking Bits: (ParMarkBitMap*) 0x0000000060c3f030
 Begin Bits: [0x0000000013380000, 0x0000000015380000)
 End Bits:   [0x0000000015380000, 0x0000000017380000)

Polling page: 0x0000000000fb0000

CodeCache: size=245760Kb used=27588Kb max_used=27600Kb free=218171Kb
 bounds [0x0000000003100000, 0x0000000004c30000, 0x0000000012100000]
 total_blobs=9545 nmethods=8693 adapters=764
 compilation: enabled

Compilation events (10 events):
Event: 30.318 Thread 0x000000001a008000 nmethod 10185 0x00000000048b1890 code [0x00000000048b19e0, 0x00000000048b1bd0]
Event: 30.318 Thread 0x000000001a008000 10186       3       it.unimi.dsi.fastutil.HashCommon::maxFill (16 bytes)
Event: 30.318 Thread 0x000000001a004000 10179   !   4       org.gradle.internal.serialize.kryo.KryoBackedDecoder::readInt (15 bytes)
Event: 30.319 Thread 0x000000001a008000 nmethod 10186 0x0000000003daa190 code [0x0000000003daa340, 0x0000000003daa688]
Event: 30.319 Thread 0x000000001a008000 10187       3       it.unimi.dsi.fastutil.ints.AbstractIntSet::<init> (5 bytes)
Event: 30.321 Thread 0x000000001a008000 nmethod 10187 0x00000000048b1390 code [0x00000000048b1500, 0x00000000048b1770]
Event: 30.323 Thread 0x000000001a008000 10189       1       java.util.Collections$EmptySet::toArray (5 bytes)
Event: 30.323 Thread 0x000000001a008000 nmethod 10189 0x00000000032d9210 code [0x00000000032d9360, 0x00000000032d94f0]
Event: 30.327 Thread 0x000000001a004000 nmethod 10179 0x0000000003da80d0 code [0x0000000003da8240, 0x0000000003da8708]
Event: 30.328 Thread 0x000000001a004000 10188       4       org.gradle.api.internal.tasks.compile.incremental.deps.ClassSetAnalysisData$Serializer::readClassName (63 bytes)

GC Heap History (10 events):
Event: 5.973 GC heap before
{Heap before GC invocations=9 (full 2):
 PSYoungGen      total 276480K, used 8885K [0x00000000d5580000, 0x00000000f2100000, 0x0000000100000000)
  eden space 260096K, 0% used [0x00000000d5580000,0x00000000d5580000,0x00000000e5380000)
  from space 16384K, 54% used [0x00000000e5380000,0x00000000e5c2d750,0x00000000e6380000)
  to   space 15872K, 0% used [0x00000000f1180000,0x00000000f1180000,0x00000000f2100000)
 ParOldGen       total 53248K, used 8129K [0x0000000080000000, 0x0000000083400000, 0x00000000d5580000)
  object space 53248K, 15% used [0x0000000080000000,0x00000000807f0678,0x0000000083400000)
 Metaspace       used 34256K, capacity 35392K, committed 35416K, reserved 1079296K
  class space    used 4712K, capacity 4973K, committed 4992K, reserved 1048576K
Event: 6.020 GC heap after
Heap after GC invocations=9 (full 2):
 PSYoungGen      total 276480K, used 0K [0x00000000d5580000, 0x00000000f2100000, 0x0000000100000000)
  eden space 260096K, 0% used [0x00000000d5580000,0x00000000d5580000,0x00000000e5380000)
  from space 16384K, 0% used [0x00000000e5380000,0x00000000e5380000,0x00000000e6380000)
  to   space 15872K, 0% used [0x00000000f1180000,0x00000000f1180000,0x00000000f2100000)
 ParOldGen       total 71680K, used 15573K [0x0000000080000000, 0x0000000084600000, 0x00000000d5580000)
  object space 71680K, 21% used [0x0000000080000000,0x0000000080f35438,0x0000000084600000)
 Metaspace       used 34256K, capacity 35392K, committed 35416K, reserved 1079296K
  class space    used 4712K, capacity 4973K, committed 4992K, reserved 1048576K
}
Event: 8.246 GC heap before
{Heap before GC invocations=10 (full 2):
 PSYoungGen      total 276480K, used 260096K [0x00000000d5580000, 0x00000000f2100000, 0x0000000100000000)
  eden space 260096K, 100% used [0x00000000d5580000,0x00000000e5380000,0x00000000e5380000)
  from space 16384K, 0% used [0x00000000e5380000,0x00000000e5380000,0x00000000e6380000)
  to   space 15872K, 0% used [0x00000000f1180000,0x00000000f1180000,0x00000000f2100000)
 ParOldGen       total 71680K, used 15573K [0x0000000080000000, 0x0000000084600000, 0x00000000d5580000)
  object space 71680K, 21% used [0x0000000080000000,0x0000000080f35438,0x0000000084600000)
 Metaspace       used 45709K, capacity 47608K, committed 47832K, reserved 1091584K
  class space    used 6169K, capacity 6568K, committed 6656K, reserved 1048576K
Event: 8.281 GC heap after
Heap after GC invocations=10 (full 2):
 PSYoungGen      total 450048K, used 15860K [0x00000000d5580000, 0x00000000f2d00000, 0x0000000100000000)
  eden space 434176K, 0% used [0x00000000d5580000,0x00000000d5580000,0x00000000efd80000)
  from space 15872K, 99% used [0x00000000f1180000,0x00000000f20fd088,0x00000000f2100000)
  to   space 20480K, 0% used [0x00000000efd80000,0x00000000efd80000,0x00000000f1180000)
 ParOldGen       total 71680K, used 20620K [0x0000000080000000, 0x0000000084600000, 0x00000000d5580000)
  object space 71680K, 28% used [0x0000000080000000,0x00000000814232a0,0x0000000084600000)
 Metaspace       used 45709K, capacity 47608K, committed 47832K, reserved 1091584K
  class space    used 6169K, capacity 6568K, committed 6656K, reserved 1048576K
}
Event: 10.134 GC heap before
{Heap before GC invocations=11 (full 2):
 PSYoungGen      total 450048K, used 173394K [0x00000000d5580000, 0x00000000f2d00000, 0x0000000100000000)
  eden space 434176K, 36% used [0x00000000d5580000,0x00000000def578a0,0x00000000efd80000)
  from space 15872K, 99% used [0x00000000f1180000,0x00000000f20fd088,0x00000000f2100000)
  to   space 20480K, 0% used [0x00000000efd80000,0x00000000efd80000,0x00000000f1180000)
 ParOldGen       total 71680K, used 20620K [0x0000000080000000, 0x0000000084600000, 0x00000000d5580000)
  object space 71680K, 28% used [0x0000000080000000,0x00000000814232a0,0x0000000084600000)
 Metaspace       used 56595K, capacity 58932K, committed 59028K, reserved 1099776K
  class space    used 7659K, capacity 8134K, committed 8192K, reserved 1048576K
Event: 10.212 GC heap after
Heap after GC invocations=11 (full 2):
 PSYoungGen      total 454656K, used 20475K [0x00000000d5580000, 0x00000000fe480000, 0x0000000100000000)
  eden space 434176K, 0% used [0x00000000d5580000,0x00000000d5580000,0x00000000efd80000)
  from space 20480K, 99% used [0x00000000efd80000,0x00000000f117ed08,0x00000000f1180000)
  to   space 26624K, 0% used [0x00000000fca80000,0x00000000fca80000,0x00000000fe480000)
 ParOldGen       total 71680K, used 27776K [0x0000000080000000, 0x0000000084600000, 0x00000000d5580000)
  object space 71680K, 38% used [0x0000000080000000,0x0000000081b20030,0x0000000084600000)
 Metaspace       used 56595K, capacity 58932K, committed 59028K, reserved 1099776K
  class space    used 7659K, capacity 8134K, committed 8192K, reserved 1048576K
}
Event: 10.212 GC heap before
{Heap before GC invocations=12 (full 3):
 PSYoungGen      total 454656K, used 20475K [0x00000000d5580000, 0x00000000fe480000, 0x0000000100000000)
  eden space 434176K, 0% used [0x00000000d5580000,0x00000000d5580000,0x00000000efd80000)
  from space 20480K, 99% used [0x00000000efd80000,0x00000000f117ed08,0x00000000f1180000)
  to   space 26624K, 0% used [0x00000000fca80000,0x00000000fca80000,0x00000000fe480000)
 ParOldGen       total 71680K, used 27776K [0x0000000080000000, 0x0000000084600000, 0x00000000d5580000)
  object space 71680K, 38% used [0x0000000080000000,0x0000000081b20030,0x0000000084600000)
 Metaspace       used 56595K, capacity 58932K, committed 59028K, reserved 1099776K
  class space    used 7659K, capacity 8134K, committed 8192K, reserved 1048576K
Event: 10.466 GC heap after
Heap after GC invocations=12 (full 3):
 PSYoungGen      total 454656K, used 0K [0x00000000d5580000, 0x00000000fe480000, 0x0000000100000000)
  eden space 434176K, 0% used [0x00000000d5580000,0x00000000d5580000,0x00000000efd80000)
  from space 20480K, 0% used [0x00000000efd80000,0x00000000efd80000,0x00000000f1180000)
  to   space 26624K, 0% used [0x00000000fca80000,0x00000000fca80000,0x00000000fe480000)
 ParOldGen       total 112128K, used 40197K [0x0000000080000000, 0x0000000086d80000, 0x00000000d5580000)
  object space 112128K, 35% used [0x0000000080000000,0x00000000827417b8,0x0000000086d80000)
 Metaspace       used 56546K, capacity 58764K, committed 59028K, reserved 1099776K
  class space    used 7643K, capacity 8106K, committed 8192K, reserved 1048576K
}
Event: 15.582 GC heap before
{Heap before GC invocations=13 (full 3):
 PSYoungGen      total 454656K, used 434176K [0x00000000d5580000, 0x00000000fe480000, 0x0000000100000000)
  eden space 434176K, 100% used [0x00000000d5580000,0x00000000efd80000,0x00000000efd80000)
  from space 20480K, 0% used [0x00000000efd80000,0x00000000efd80000,0x00000000f1180000)
  to   space 26624K, 0% used [0x00000000fca80000,0x00000000fca80000,0x00000000fe480000)
 ParOldGen       total 112128K, used 40197K [0x0000000080000000, 0x0000000086d80000, 0x00000000d5580000)
  object space 112128K, 35% used [0x0000000080000000,0x00000000827417b8,0x0000000086d80000)
 Metaspace       used 68534K, capacity 72138K, committed 72280K, reserved 1112064K
  class space    used 9368K, capacity 10075K, committed 10112K, reserved 1048576K
Event: 15.659 GC heap after
Heap after GC invocations=13 (full 3):
 PSYoungGen      total 594432K, used 26617K [0x00000000d5580000, 0x00000000fe480000, 0x0000000100000000)
  eden space 567808K, 0% used [0x00000000d5580000,0x00000000d5580000,0x00000000f8000000)
  from space 26624K, 99% used [0x00000000fca80000,0x00000000fe47e7e8,0x00000000fe480000)
  to   space 33792K, 0% used [0x00000000fa280000,0x00000000fa280000,0x00000000fc380000)
 ParOldGen       total 112128K, used 48884K [0x0000000080000000, 0x0000000086d80000, 0x00000000d5580000)
  object space 112128K, 43% used [0x0000000080000000,0x0000000082fbd358,0x0000000086d80000)
 Metaspace       used 68534K, capacity 72138K, committed 72280K, reserved 1112064K
  class space    used 9368K, capacity 10075K, committed 10112K, reserved 1048576K
}

Deoptimization events (10 events):
Event: 30.068 Thread 0x0000000020790000 Uncommon trap: reason=unstable_if action=reinterpret pc=0x0000000003d60818 method=org.gradle.cache.internal.InMemoryDecoratedCache$1.call()Ljava/lang/Object; @ 18
Event: 30.071 Thread 0x0000000020790000 Uncommon trap: reason=unstable_if action=reinterpret pc=0x00000000038e1b84 method=org.objectweb.asm.AnnotationWriter.computeAnnotationsSize(Lorg/objectweb/asm/AnnotationWriter;Lorg/objectweb/asm/AnnotationWriter;Lorg/objectweb/asm/AnnotationWriter;Lorg/ob
Event: 30.152 Thread 0x0000000020790000 Uncommon trap: reason=class_check action=maybe_recompile pc=0x0000000004a10ec8 method=org.gradle.internal.vfs.impl.DefaultVirtualFileSystem.readLocation(Ljava/lang/String;)Lorg/gradle/internal/snapshot/CompleteFileSystemLocationSnapshot; @ 8
Event: 30.286 Thread 0x000000001b69d000 Uncommon trap: reason=bimorphic action=maybe_recompile pc=0x0000000004a1eac8 method=org.gradle.internal.vfs.impl.DefaultVirtualFileSystem.read(Ljava/lang/String;Ljava/util/function/Function;)Ljava/lang/Object; @ 6
Event: 30.286 Thread 0x000000001b6a4000 Uncommon trap: reason=bimorphic action=maybe_recompile pc=0x0000000004a1eac8 method=org.gradle.internal.vfs.impl.DefaultVirtualFileSystem.read(Ljava/lang/String;Ljava/util/function/Function;)Ljava/lang/Object; @ 6
Event: 30.287 Thread 0x000000001b6a7800 Uncommon trap: reason=bimorphic action=maybe_recompile pc=0x0000000004a1eac8 method=org.gradle.internal.vfs.impl.DefaultVirtualFileSystem.read(Ljava/lang/String;Ljava/util/function/Function;)Ljava/lang/Object; @ 6
Event: 30.287 Thread 0x000000001b6a2800 Uncommon trap: reason=bimorphic action=maybe_recompile pc=0x0000000004a1eac8 method=org.gradle.internal.vfs.impl.DefaultVirtualFileSystem.read(Ljava/lang/String;Ljava/util/function/Function;)Ljava/lang/Object; @ 6
Event: 30.287 Thread 0x000000001b6a6000 Uncommon trap: reason=bimorphic action=maybe_recompile pc=0x0000000004a11014 method=org.gradle.internal.vfs.impl.DefaultVirtualFileSystem.read(Ljava/lang/String;Ljava/util/function/Function;)Ljava/lang/Object; @ 6
Event: 30.309 Thread 0x000000002079d000 Uncommon trap: reason=unstable_if action=reinterpret pc=0x0000000004993d7c method=org.gradle.internal.io.StreamByteBuffer$StreamByteBufferInputStream.readImpl([BII)I @ 49
Event: 30.326 Thread 0x000000001b69d000 Uncommon trap: reason=unstable_if action=reinterpret pc=0x0000000004bd7150 method=java.util.concurrent.locks.AbstractQueuedSynchronizer.unparkSuccessor(Ljava/util/concurrent/locks/AbstractQueuedSynchronizer$Node;)V @ 22

Classes redefined (0 events):
No events

Internal exceptions (10 events):
Event: 22.842 Thread 0x0000000020790000 Exception <a 'sun/nio/fs/WindowsException'> (0x00000000dfb97058) thrown at [C:\src\AOSP-openjdk-git\hotspot\src\share\vm\prims\jni.cpp, line 710]
Event: 22.842 Thread 0x0000000020790000 Exception <a 'sun/nio/fs/WindowsException'> (0x00000000dfb97d48) thrown at [C:\src\AOSP-openjdk-git\hotspot\src\share\vm\prims\jni.cpp, line 710]
Event: 23.190 Thread 0x000000002079b800 Exception <a 'java/lang/InterruptedException'> (0x00000000e0081ee8) thrown at [C:\src\AOSP-openjdk-git\hotspot\src\share\vm\runtime\objectMonitor.cpp, line 1680]
Event: 30.086 Thread 0x0000000020790000 Exception <a 'sun/nio/fs/WindowsException'> (0x00000000e0b174c8) thrown at [C:\src\AOSP-openjdk-git\hotspot\src\share\vm\prims\jni.cpp, line 710]
Event: 30.086 Thread 0x0000000020790000 Exception <a 'sun/nio/fs/WindowsException'> (0x00000000e0b181b0) thrown at [C:\src\AOSP-openjdk-git\hotspot\src\share\vm\prims\jni.cpp, line 710]
Event: 30.088 Thread 0x0000000020790000 Exception <a 'sun/nio/fs/WindowsException'> (0x00000000e0b1ed18) thrown at [C:\src\AOSP-openjdk-git\hotspot\src\share\vm\prims\jni.cpp, line 710]
Event: 30.088 Thread 0x0000000020790000 Exception <a 'sun/nio/fs/WindowsException'> (0x00000000e0b1fa40) thrown at [C:\src\AOSP-openjdk-git\hotspot\src\share\vm\prims\jni.cpp, line 710]
Event: 30.091 Thread 0x0000000020790000 Exception <a 'sun/nio/fs/WindowsException'> (0x00000000e0b39f98) thrown at [C:\src\AOSP-openjdk-git\hotspot\src\share\vm\prims\jni.cpp, line 710]
Event: 30.091 Thread 0x0000000020790000 Exception <a 'sun/nio/fs/WindowsException'> (0x00000000e0b3acd0) thrown at [C:\src\AOSP-openjdk-git\hotspot\src\share\vm\prims\jni.cpp, line 710]
Event: 30.326 Thread 0x000000001b69d000 Implicit null exception at 0x0000000004bd6844 to 0x0000000004bd7139

Events (10 events):
Event: 30.321 loading class com/google/common/collect/ImmutableSetMultimap$EntrySet done
Event: 30.322 loading class com/google/common/collect/EmptyImmutableSetMultimap
Event: 30.322 loading class com/google/common/collect/EmptyImmutableSetMultimap done
Event: 30.323 loading class com/google/common/collect/ImmutableSetMultimap$Builder
Event: 30.323 loading class com/google/common/collect/ImmutableSetMultimap$Builder done
Event: 30.324 Executing VM operation: Deoptimize
Event: 30.325 Executing VM operation: Deoptimize done
Event: 30.326 Thread 0x000000001b69d000 Uncommon trap: trap_request=0xffffff65 fr.pc=0x0000000004bd7150
Event: 30.326 Thread 0x000000001b69d000 DEOPT PACKING pc=0x0000000004bd7150 sp=0x0000000023b3e170
Event: 30.326 Thread 0x000000001b69d000 DEOPT UNPACKING pc=0x000000000314557b sp=0x0000000023b3df38 mode 2


Dynamic libraries:
0x00007ff74bdf0000 - 0x00007ff74be21000 	C:\Program Files\Android\Android Studio\jre\bin\java.exe
0x00007ff9d64b0000 - 0x00007ff9d66a5000 	C:\WINDOWS\SYSTEM32\ntdll.dll
0x00007ff9d4790000 - 0x00007ff9d484d000 	C:\WINDOWS\System32\KERNEL32.DLL
0x00007ff9d4240000 - 0x00007ff9d4508000 	C:\WINDOWS\System32\KERNELBASE.dll
0x00007ff9d5880000 - 0x00007ff9d592c000 	C:\WINDOWS\System32\ADVAPI32.dll
0x00007ff9d5720000 - 0x00007ff9d57be000 	C:\WINDOWS\System32\msvcrt.dll
0x00007ff9d6280000 - 0x00007ff9d631b000 	C:\WINDOWS\System32\sechost.dll
0x00007ff9d6320000 - 0x00007ff9d644b000 	C:\WINDOWS\System32\RPCRT4.dll
0x00007ff9d45f0000 - 0x00007ff9d4790000 	C:\WINDOWS\System32\USER32.dll
0x00007ff9d4210000 - 0x00007ff9d4232000 	C:\WINDOWS\System32\win32u.dll
0x00007ff9d4b30000 - 0x00007ff9d4b5a000 	C:\WINDOWS\System32\GDI32.dll
0x00007ff9d3e20000 - 0x00007ff9d3f2b000 	C:\WINDOWS\System32\gdi32full.dll
0x00007ff9d3d50000 - 0x00007ff9d3ded000 	C:\WINDOWS\System32\msvcp_win.dll
0x00007ff9d3f30000 - 0x00007ff9d4030000 	C:\WINDOWS\System32\ucrtbase.dll
0x00007ff9be440000 - 0x00007ff9be6da000 	C:\WINDOWS\WinSxS\amd64_microsoft.windows.common-controls_6595b64144ccf1df_6.0.19041.844_none_ca00b6081b84eb1d\COMCTL32.dll
0x00007ff9d59c0000 - 0x00007ff9d59f0000 	C:\WINDOWS\System32\IMM32.DLL
0x00000000602b0000 - 0x0000000060382000 	C:\Program Files\Android\Android Studio\jre\jre\bin\msvcr100.dll
0x0000000060470000 - 0x0000000060cbb000 	C:\Program Files\Android\Android Studio\jre\jre\bin\server\jvm.dll
0x00007ff9d4ac0000 - 0x00007ff9d4ac8000 	C:\WINDOWS\System32\PSAPI.DLL
0x00007ff9cd610000 - 0x00007ff9cd61a000 	C:\WINDOWS\SYSTEM32\VERSION.dll
0x00007ff9c78c0000 - 0x00007ff9c78e7000 	C:\WINDOWS\SYSTEM32\WINMM.dll
0x00007ff9cd900000 - 0x00007ff9cd909000 	C:\WINDOWS\SYSTEM32\WSOCK32.dll
0x00007ff9d5500000 - 0x00007ff9d556b000 	C:\WINDOWS\System32\WS2_32.dll
0x00007ff9cd8c0000 - 0x00007ff9cd8cf000 	C:\Program Files\Android\Android Studio\jre\jre\bin\verify.dll
0x00007ff9cb560000 - 0x00007ff9cb589000 	C:\Program Files\Android\Android Studio\jre\jre\bin\java.dll
0x00007ff9cc3e0000 - 0x00007ff9cc3f6000 	C:\Program Files\Android\Android Studio\jre\jre\bin\zip.dll
0x00007ff9d59f0000 - 0x00007ff9d6132000 	C:\WINDOWS\System32\SHELL32.dll
0x00007ff9d1cf0000 - 0x00007ff9d2481000 	C:\WINDOWS\SYSTEM32\windows.storage.dll
0x00007ff9d4b60000 - 0x00007ff9d4eb5000 	C:\WINDOWS\System32\combase.dll
0x00007ff9d3660000 - 0x00007ff9d368c000 	C:\WINDOWS\SYSTEM32\Wldp.dll
0x00007ff9d5330000 - 0x00007ff9d53de000 	C:\WINDOWS\System32\SHCORE.dll
0x00007ff9d4850000 - 0x00007ff9d48a5000 	C:\WINDOWS\System32\shlwapi.dll
0x00007ff9d3b30000 - 0x00007ff9d3b4f000 	C:\WINDOWS\SYSTEM32\profapi.dll
0x00007ff9c4e20000 - 0x00007ff9c4e3a000 	C:\Program Files\Android\Android Studio\jre\jre\bin\net.dll
0x00007ff9d3380000 - 0x00007ff9d33ea000 	C:\WINDOWS\system32\mswsock.dll
0x00007ff9c4cf0000 - 0x00007ff9c4d03000 	C:\Program Files\Android\Android Studio\jre\jre\bin\nio.dll
0x00007ff9bcf50000 - 0x00007ff9bcf77000 	C:\Users\sgcks\.gradle\native\f6784746aeab05261644944871eae4fe03e0ef1612fff0a4a95f87b438bc6780\windows-amd64\native-platform.dll
0x00007ff9cd870000 - 0x00007ff9cd87d000 	C:\Program Files\Android\Android Studio\jre\jre\bin\management.dll
0x00007ff9d3590000 - 0x00007ff9d35a8000 	C:\WINDOWS\SYSTEM32\CRYPTSP.dll
0x00007ff9d2cc0000 - 0x00007ff9d2cf4000 	C:\WINDOWS\system32\rsaenh.dll
0x00007ff9d3df0000 - 0x00007ff9d3e17000 	C:\WINDOWS\System32\bcrypt.dll
0x00007ff9d3ab0000 - 0x00007ff9d3ade000 	C:\WINDOWS\SYSTEM32\USERENV.dll
0x00007ff9d40e0000 - 0x00007ff9d4160000 	C:\WINDOWS\System32\bcryptprimitives.dll
0x00007ff9d3580000 - 0x00007ff9d358c000 	C:\WINDOWS\SYSTEM32\CRYPTBASE.dll
0x00007ff9d3030000 - 0x00007ff9d306b000 	C:\WINDOWS\SYSTEM32\IPHLPAPI.DLL
0x00007ff9d5870000 - 0x00007ff9d5878000 	C:\WINDOWS\System32\NSI.dll
0x00007ff9cbb50000 - 0x00007ff9cbb67000 	C:\WINDOWS\SYSTEM32\dhcpcsvc6.DLL
0x00007ff9cc490000 - 0x00007ff9cc4ad000 	C:\WINDOWS\SYSTEM32\dhcpcsvc.DLL
0x00007ff9d3080000 - 0x00007ff9d314c000 	C:\WINDOWS\SYSTEM32\DNSAPI.dll
0x00007ff9cccc0000 - 0x00007ff9ccccb000 	C:\WINDOWS\SYSTEM32\WINNSI.DLL
0x00007ff9ce600000 - 0x00007ff9ce61e000 	C:\Users\sgcks\AppData\Local\Temp\native-platform6820797545068355747dir\native-platform.dll

VM Arguments:
jvm_args: -Xmx2048m -Dfile.encoding=UTF-8 -Duser.country=KR -Duser.language=ko -Duser.variant 
java_command: org.gradle.launcher.daemon.bootstrap.GradleDaemon 6.5
java_class_path (initial): C:\Users\sgcks\.gradle\wrapper\dists\gradle-6.5-all\2oz4ud9k3tuxjg84bbf55q0tn\gradle-6.5\lib\gradle-launcher-6.5.jar
Launcher Type: SUN_STANDARD

Environment Variables:
JAVA_HOME=C:\Program Files\Java\jdk1.8.0_271;
PATH=C:\Program Files (x86)\Common Files\Oracle\Java\javapath;C:\WINDOWS\system32;C:\WINDOWS;C:\WINDOWS\System32\Wbem;C:\WINDOWS\System32\WindowsPowerShell\v1.0\;C:\WINDOWS\System32\OpenSSH\;C:\Program Files\Java\jdk1.8.0_271;bin;C:\Program Files\Git\cmd;C:\Users\sgcks\AppData\Local\Microsoft\WindowsApps;;C:\Program Files (x86)\ESTsoft\ALSee\x64
USERNAME=sgcks
OS=Windows_NT
PROCESSOR_IDENTIFIER=Intel64 Family 6 Model 142 Stepping 10, GenuineIntel



---------------  S Y S T E M  ---------------

OS: Windows 10.0 , 64 bit Build 19041 (10.0.19041.928)

CPU:total 8 (initial active 8) (4 cores per cpu, 2 threads per core) family 6 model 142 stepping 10, cmov, cx8, fxsr, mmx, sse, sse2, sse3, ssse3, sse4.1, sse4.2, popcnt, avx, avx2, aes, clmul, erms, 3dnowpref, lzcnt, ht, tsc, tscinvbit, bmi1, bmi2, adx

Memory: 4k page, physical 8295564k(333884k free), swap 23846024k(6044k free)

vm_info: OpenJDK 64-Bit Server VM (25.242-b01) for windows-amd64 JRE (1.8.0_242-release-1644-b01), built by "builder" with MS VC++ 10.0 (VS2010)

time: Sat May 08 21:44:57 2021
timezone: 대한민국 표준시
elapsed time: 30 seconds (0d 0h 0m 30s)

